Time[ps]      Etot[eV]     Epot[eV]     Ekin[eV]    T[K]
0.0000       -30014.181   -30021.273        7.093   285.8
0.0010       -30014.215   -30021.857        7.643   308.0
0.0020       -30014.212   -30023.299        9.087   366.1
0.0030       -30014.220   -30024.459       10.239   412.6
0.0040       -30014.272   -30024.697       10.426   420.1
0.0050       -30014.271   -30024.844       10.573   426.0
0.0060       -30014.257   -30026.236       11.979   482.7
0.0070       -30014.284   -30028.807       14.523   585.2
0.0080       -30014.253   -30031.309       17.056   687.2
0.0090       -30014.263   -30033.104       18.840   759.1
0.0100       -30014.236   -30034.330       20.094   809.7
0.0110       -30014.260   -30035.553       21.292   857.9
0.0120       -30014.291   -30037.068       22.777   917.8
0.0130       -30014.279   -30038.764       24.485   986.6
0.0140       -30014.331   -30040.199       25.868  1042.3
0.0150       -30014.396   -30041.062       26.667  1074.5
0.0160       -30014.416   -30041.359       26.944  1085.7
0.0170       -30014.439   -30041.494       27.055  1090.2
0.0180       -30014.530   -30042.002       27.472  1107.0
0.0190       -30014.537   -30043.127       28.590  1152.0
0.0200       -30014.514   -30044.523       30.010  1209.2
0.0210       -30014.545   -30045.674       31.129  1254.3
0.0220       -30014.545   -30046.299       31.753  1279.5
0.0230       -30014.575   -30046.471       31.896  1285.2
0.0240       -30014.595   -30046.381       31.786  1280.8
0.0250       -30014.633   -30046.229       31.596  1273.1
0.0260       -30014.647   -30046.107       31.460  1267.6
0.0270       -30014.673   -30046.035       31.362  1263.7
0.0280       -30014.702   -30045.887       31.185  1256.6
0.0290       -30014.698   -30045.629       30.930  1246.3
0.0300       -30014.671   -30045.223       30.552  1231.0
0.0310       -30014.758   -30044.830       30.072  1211.7
0.0320       -30014.744   -30044.498       29.754  1198.9
0.0330       -30014.740   -30044.307       29.566  1191.3
0.0340       -30014.774   -30044.207       29.433  1186.0
0.0350       -30014.790   -30044.189       29.400  1184.6
0.0360       -30014.809   -30044.078       29.269  1179.4
0.0370       -30014.814   -30043.680       28.866  1163.1
0.0380       -30014.819   -30042.975       28.156  1134.5
0.0390       -30014.931   -30042.158       27.227  1097.1
0.0400       -30014.897   -30041.496       26.599  1071.8
0.0410       -30014.909   -30041.090       26.181  1054.9
0.0420       -30014.934   -30040.842       25.908  1043.9
0.0430       -30014.974   -30040.645       25.671  1034.4
0.0440       -30014.960   -30040.447       25.487  1027.0
0.0450       -30014.987   -30040.188       25.200  1015.4
0.0460       -30014.909   -30039.848       24.939  1004.9
0.0470       -30014.978   -30039.590       24.612   991.7
0.0480       -30014.970   -30039.684       24.714   995.8
0.0490       -30014.954   -30040.236       25.282  1018.7
0.0500       -30014.952   -30040.826       25.874  1042.6
0.0510       -30014.980   -30040.811       25.831  1040.8
0.0520       -30015.071   -30040.131       25.060  1009.7
0.0530       -30015.043   -30039.406       24.364   981.7
0.0540       -30015.074   -30039.377       24.303   979.2
0.0550       -30015.011   -30039.965       24.954  1005.5
0.0560       -30015.038   -30040.447       25.409  1023.8
0.0570       -30015.124   -30040.432       25.307  1019.7
0.0580       -30015.157   -30040.012       24.855  1001.5
0.0590       -30015.181   -30039.385       24.203   975.2
0.0600       -30015.178   -30038.867       23.690   954.5
0.0610       -30015.164   -30038.752       23.588   950.4
0.0620       -30015.249   -30039.143       23.893   962.7
0.0630       -30015.271   -30039.730       24.460   985.6
0.0640       -30015.341   -30040.273       24.933  1004.6
0.0650       -30015.328   -30040.648       25.320  1020.2
0.0660       -30015.372   -30041.066       25.694  1035.3
0.0670       -30015.390   -30041.535       26.145  1053.5
0.0680       -30015.429   -30041.748       26.319  1060.5
0.0690       -30015.445   -30041.672       26.227  1056.8
0.0700       -30015.410   -30041.537       26.127  1052.7
0.0710       -30015.437   -30041.652       26.215  1056.3
0.0720       -30015.415   -30041.898       26.483  1067.1
0.0730       -30015.415   -30042.057       26.642  1073.5
0.0740       -30015.471   -30042.119       26.648  1073.7
0.0750       -30015.522   -30042.273       26.751  1077.9
0.0760       -30015.581   -30042.734       27.153  1094.1
0.0770       -30015.522   -30043.354       27.831  1121.4
0.0780       -30015.576   -30043.842       28.266  1138.9
0.0790       -30015.653   -30043.996       28.343  1142.0
0.0800       -30015.622   -30043.922       28.300  1140.3
0.0810       -30015.687   -30043.855       28.169  1135.0
0.0820       -30015.625   -30043.871       28.246  1138.1
0.0830       -30015.704   -30043.844       28.140  1133.9
0.0840       -30015.675   -30043.623       27.948  1126.1
0.0850       -30015.706   -30043.180       27.474  1107.0
0.0860       -30015.731   -30042.689       26.958  1086.2
0.0870       -30015.775   -30042.471       26.696  1075.7
0.0880       -30015.844   -30042.795       26.951  1085.9
0.0890       -30015.875   -30043.342       27.467  1106.7
0.0900       -30015.854   -30043.510       27.656  1114.3
0.0910       -30015.903   -30043.010       27.107  1092.2
0.0920       -30015.853   -30042.201       26.349  1061.7
0.0930       -30015.842   -30041.904       26.062  1050.1
0.0940       -30015.796   -30042.344       26.548  1069.7
0.0950       -30015.858   -30042.900       27.042  1089.6
0.0960       -30015.889   -30042.840       26.950  1085.9
0.0970       -30015.903   -30041.910       26.008  1047.9
0.0980       -30015.964   -30040.697       24.733   996.6
0.0990       -30015.992   -30040.135       24.143   972.8
0.1000       -30016.042   -30040.449       24.407   983.5
0.1010       -30016.010   -30041.012       25.002  1007.4
0.1020       -30016.053   -30041.318       25.266  1018.0
0.1030       -30015.998   -30041.320       25.322  1020.3
0.1040       -30016.032   -30041.170       25.138  1012.9
0.1050       -30016.111   -30040.965       24.854  1001.4
0.1060       -30016.203   -30040.912       24.709   995.6
0.1070       -30016.197   -30041.061       24.863  1001.8
0.1080       -30016.203   -30041.301       25.097  1011.3
0.1090       -30016.297   -30041.443       25.147  1013.3
0.1100       -30016.319   -30041.465       25.146  1013.2
0.1110       -30016.285   -30041.447       25.162  1013.9
0.1120       -30016.377   -30041.596       25.219  1016.2
0.1130       -30016.409   -30041.932       25.522  1028.4
0.1140       -30016.433   -30042.205       25.772  1038.4
0.1150       -30016.535   -30042.145       25.609  1031.9
0.1160       -30016.539   -30041.686       25.147  1013.2
0.1170       -30016.490   -30041.045       24.555   989.4
0.1180       -30016.524   -30040.820       24.296   979.0
0.1190       -30016.543   -30041.432       24.889  1002.9
0.1200       -30016.589   -30042.369       25.780  1038.8
0.1210       -30016.538   -30042.744       26.206  1055.9
0.1220       -30016.578   -30042.645       26.066  1050.3
0.1230       -30016.649   -30042.752       26.103  1051.8
0.1240       -30016.662   -30043.234       26.572  1070.7
0.1250       -30016.680   -30043.711       27.031  1089.2
0.1260       -30016.694   -30043.779       27.085  1091.3
0.1270       -30016.739   -30043.359       26.620  1072.6
0.1280       -30016.776   -30042.801       26.025  1048.6
0.1290       -30016.770   -30042.688       25.917  1044.3
0.1300       -30016.749   -30043.281       26.533  1069.1
0.1310       -30016.787   -30044.135       27.348  1101.9
0.1320       -30016.872   -30044.533       27.661  1114.6
0.1330       -30016.906   -30044.100       27.193  1095.7
0.1340       -30016.926   -30043.137       26.210  1056.1
0.1350       -30016.973   -30042.398       25.426  1024.5
0.1360       -30016.999   -30042.412       25.413  1024.0
0.1370       -30017.006   -30042.932       25.926  1044.6
0.1380       -30017.058   -30043.402       26.344  1061.5
0.1390       -30017.030   -30043.459       26.429  1064.9
0.1400       -30017.042   -30043.262       26.220  1056.5
0.1410       -30017.092   -30043.117       26.025  1048.7
0.1420       -30017.138   -30043.234       26.096  1051.5
0.1430       -30017.168   -30043.479       26.311  1060.2
0.1440       -30017.110   -30043.609       26.499  1067.7
0.1450       -30017.145   -30043.523       26.378  1062.9
0.1460       -30017.203   -30043.434       26.231  1056.9
0.1470       -30017.245   -30043.432       26.186  1055.1
0.1480       -30017.342   -30043.549       26.206  1055.9
0.1490       -30017.403   -30043.764       26.361  1062.2
0.1500       -30017.409   -30043.912       26.503  1067.9
0.1510       -30017.421   -30043.750       26.329  1060.9
0.1520       -30017.441   -30043.252       25.811  1040.0
0.1530       -30017.457   -30042.902       25.445  1025.3
0.1540       -30017.517   -30043.174       25.657  1033.8
0.1550       -30017.526   -30043.846       26.320  1060.5
0.1560       -30017.538   -30044.217       26.679  1075.0
0.1570       -30017.570   -30043.834       26.264  1058.3
0.1580       -30017.632   -30042.953       25.321  1020.3
0.1590       -30017.685   -30042.289       24.604   991.4
0.1600       -30017.625   -30042.363       24.738   996.8
0.1610       -30017.570   -30043.023       25.453  1025.6
0.1620       -30017.586   -30043.797       26.211  1056.1
0.1630       -30017.579   -30044.248       26.669  1074.6
0.1640       -30017.660   -30044.199       26.539  1069.4
0.1650       -30017.726   -30043.805       26.078  1050.8
0.1660       -30017.819   -30043.410       25.591  1031.2
0.1670       -30017.844   -30043.193       25.350  1021.4
0.1680       -30017.852   -30043.145       25.293  1019.1
0.1690       -30017.932   -30043.094       25.162  1013.9
0.1700       -30017.905   -30042.922       25.017  1008.0
0.1710       -30017.924   -30042.781       24.857  1001.6
0.1720       -30017.917   -30042.871       24.954  1005.5
0.1730       -30017.926   -30043.027       25.101  1011.4
0.1740       -30017.987   -30043.166       25.179  1014.6
0.1750       -30018.017   -30043.219       25.201  1015.5
0.1760       -30018.033   -30043.307       25.274  1018.4
0.1770       -30018.050   -30043.475       25.425  1024.5
0.1780       -30018.078   -30043.729       25.650  1033.5
0.1790       -30018.096   -30043.961       25.865  1042.2
0.1800       -30018.160   -30044.082       25.922  1044.5
0.1810       -30018.228   -30044.150       25.922  1044.5
0.1820       -30018.242   -30044.158       25.916  1044.2
0.1830       -30018.301   -30044.062       25.761  1038.0
0.1840       -30018.223   -30043.939       25.717  1036.2
0.1850       -30018.287   -30044.123       25.836  1041.0
0.1860       -30018.308   -30044.555       26.247  1057.6
0.1870       -30018.341   -30045.020       26.678  1075.0
0.1880       -30018.415   -30045.371       26.956  1086.2
0.1890       -30018.424   -30045.506       27.082  1091.2
0.1900       -30018.450   -30045.352       26.901  1083.9
0.1910       -30018.476   -30045.021       26.546  1069.6
0.1920       -30018.527   -30044.709       26.182  1055.0
0.1930       -30018.544   -30044.520       25.976  1046.7
0.1940       -30018.581   -30044.580       25.999  1047.6
0.1950       -30018.621   -30044.898       26.277  1058.8
0.1960       -30018.666   -30045.305       26.638  1073.4
0.1970       -30018.678   -30045.449       26.771  1078.7
0.1980       -30018.689   -30045.127       26.438  1065.3
0.1990       -30018.680   -30044.443       25.763  1038.1
0.2000       -30018.683   -30043.850       25.166  1014.0
0.2010       -30018.769   -30043.865       25.096  1011.2
0.2020       -30018.746   -30044.611       25.865  1042.2
0.2030       -30018.751   -30045.635       26.884  1083.2
0.2040       -30018.779   -30046.301       27.521  1108.9
0.2050       -30018.752   -30046.266       27.514  1108.6
0.2060       -30018.801   -30045.607       26.806  1080.1
0.2070       -30018.808   -30044.693       25.885  1043.0
0.2080       -30018.833   -30044.121       25.288  1018.9
0.2090       -30018.865   -30044.139       25.274  1018.4
0.2100       -30018.858   -30044.521       25.664  1034.1
0.2110       -30018.876   -30044.816       25.940  1045.2
0.2120       -30018.842   -30044.822       25.980  1046.8
0.2130       -30018.826   -30044.631       25.805  1039.8
0.2140       -30018.840   -30044.406       25.566  1030.2
0.2150       -30018.849   -30044.316       25.467  1026.2
0.2160       -30018.828   -30044.297       25.469  1026.2
0.2170       -30018.877   -30044.191       25.315  1020.0
0.2180       -30018.838   -30043.852       25.014  1007.9
0.2190       -30018.855   -30043.328       24.473   986.1
0.2200       -30018.853   -30042.902       24.049   969.0
0.2210       -30018.887   -30042.805       23.917   963.7
0.2220       -30018.942   -30042.916       23.974   966.0
0.2230       -30019.030   -30043.088       24.058   969.4
0.2240       -30019.059   -30043.369       24.311   979.6
0.2250       -30019.022   -30043.729       24.707   995.5
0.2260       -30019.060   -30044.064       25.004  1007.5
0.2270       -30019.100   -30044.295       25.195  1015.2
0.2280       -30019.093   -30044.469       25.376  1022.5
0.2290       -30019.017   -30044.547       25.530  1028.7
0.2300       -30019.051   -30044.479       25.427  1024.5
0.2310       -30019.098   -30044.260       25.161  1013.8
0.2320       -30019.093   -30044.119       25.026  1008.4
0.2330       -30019.059   -30044.330       25.271  1018.3
0.2340       -30019.059   -30044.867       25.808  1039.9
0.2350       -30019.041   -30045.404       26.364  1062.3
0.2360       -30019.050   -30045.561       26.511  1068.2
0.2370       -30019.088   -30045.338       26.250  1057.7
0.2380       -30019.071   -30045.043       25.972  1046.5
0.2390       -30019.160   -30044.984       25.824  1040.5
0.2400       -30019.165   -30045.125       25.960  1046.0
0.2410       -30019.166   -30045.297       26.130  1052.9
0.2420       -30019.208   -30045.371       26.163  1054.2
0.2430       -30019.194   -30045.199       26.005  1047.8
0.2440       -30019.253   -30044.926       25.673  1034.5
0.2450       -30019.323   -30044.982       25.660  1033.9
0.2460       -30019.394   -30045.465       26.071  1050.5
0.2470       -30019.392   -30046.021       26.629  1073.0
0.2480       -30019.461   -30046.277       26.817  1080.5
0.2490       -30019.502   -30046.107       26.606  1072.0
0.2500       -30019.505   -30045.688       26.182  1055.0
0.2510       -30019.566   -30045.277       25.711  1036.0
0.2520       -30019.628   -30045.172       25.544  1029.3
0.2530       -30019.694   -30045.467       25.773  1038.5
0.2540       -30019.707   -30046.027       26.320  1060.5
0.2550       -30019.690   -30046.480       26.790  1079.5
0.2560       -30019.746   -30046.545       26.799  1079.8
0.2570       -30019.815   -30046.236       26.422  1064.6
0.2580       -30019.812   -30045.775       25.963  1046.2
0.2590       -30019.827   -30045.510       25.682  1034.8
0.2600       -30019.821   -30045.604       25.783  1038.9
0.2610       -30019.855   -30045.799       25.944  1045.4
0.2620       -30019.850   -30045.664       25.814  1040.1
0.2630       -30019.882   -30045.135       25.253  1017.5
0.2640       -30019.871   -30044.510       24.639   992.8
0.2650       -30019.814   -30044.232       24.419   983.9
0.2660       -30019.795   -30044.473       24.678   994.4
0.2670       -30019.873   -30045.047       25.174  1014.4
0.2680       -30019.862   -30045.496       25.634  1032.9
0.2690       -30019.922   -30045.697       25.775  1038.6
0.2700       -30019.895   -30045.676       25.781  1038.8
0.2710       -30019.879   -30045.510       25.631  1032.8
0.2720       -30019.855   -30045.240       25.386  1022.9
0.2730       -30019.904   -30045.127       25.223  1016.3
0.2740       -30019.974   -30045.328       25.354  1021.6
0.2750       -30020.021   -30045.621       25.600  1031.5
0.2760       -30020.109   -30045.822       25.714  1036.1
0.2770       -30020.121   -30045.811       25.689  1035.1
0.2780       -30020.087   -30045.525       25.439  1025.0
0.2790       -30020.088   -30045.115       25.027  1008.4
0.2800       -30020.159   -30044.992       24.834  1000.6
0.2810       -30020.194   -30045.297       25.103  1011.5
0.2820       -30020.260   -30045.697       25.437  1025.0
0.2830       -30020.224   -30045.807       25.583  1030.8
0.2840       -30020.219   -30045.535       25.316  1020.1
0.2850       -30020.230   -30045.027       24.797   999.2
0.2860       -30020.278   -30044.625       24.347   981.0
0.2870       -30020.329   -30044.693       24.364   981.7
0.2880       -30020.300   -30045.117       24.817  1000.0
0.2890       -30020.343   -30045.520       25.177  1014.5
0.2900       -30020.405   -30045.588       25.183  1014.7
0.2910       -30020.455   -30045.455       25.000  1007.4
0.2920       -30020.504   -30045.535       25.031  1008.6
0.2930       -30020.446   -30045.984       25.538  1029.0
0.2940       -30020.388   -30046.570       26.182  1055.0
0.2950       -30020.400   -30046.830       26.430  1065.0
0.2960       -30020.407   -30046.719       26.312  1060.2
0.2970       -30020.366   -30046.463       26.097  1051.5
0.2980       -30020.371   -30046.301       25.929  1044.8
0.2990       -30020.387   -30046.188       25.800  1039.6
0.3000       -30020.372   -30046.057       25.685  1034.9
0.3010       -30020.392   -30045.998       25.606  1031.7
0.3020       -30020.405   -30046.088       25.683  1034.9
0.3030       -30020.475   -30046.082       25.607  1031.8
0.3040       -30020.498   -30045.912       25.415  1024.0
0.3050       -30020.469   -30045.713       25.244  1017.2
0.3060       -30020.447   -30045.621       25.174  1014.4
0.3070       -30020.448   -30045.594       25.146  1013.2
0.3080       -30020.385   -30045.463       25.077  1010.5
0.3090       -30020.421   -30045.225       24.803   999.4
0.3100       -30020.394   -30045.078       24.684   994.6
0.3110       -30020.388   -30045.254       24.866  1001.9
0.3120       -30020.420   -30045.574       25.154  1013.5
0.3130       -30020.407   -30045.838       25.431  1024.7
0.3140       -30020.458   -30045.988       25.531  1028.7
0.3150       -30020.447   -30046.125       25.678  1034.6
0.3160       -30020.457   -30046.275       25.818  1040.3
0.3170       -30020.505   -30046.469       25.964  1046.2
0.3180       -30020.484   -30046.664       26.180  1054.9
0.3190       -30020.483   -30046.848       26.365  1062.3
0.3200       -30020.531   -30046.910       26.379  1062.9
0.3210       -30020.509   -30046.744       26.235  1057.1
0.3220       -30020.454   -30046.320       25.866  1042.2
0.3230       -30020.410   -30045.859       25.449  1025.4
0.3240       -30020.425   -30045.689       25.265  1018.0
0.3250       -30020.509   -30045.912       25.403  1023.6
0.3260       -30020.495   -30046.277       25.783  1038.9
0.3270       -30020.597   -30046.443       25.846  1041.4
0.3280       -30020.653   -30046.209       25.556  1029.8
0.3290       -30020.767   -30045.617       24.850  1001.3
0.3300       -30020.744   -30044.914       24.170   973.9
0.3310       -30020.748   -30044.467       23.719   955.7
0.3320       -30020.730   -30044.518       23.788   958.5
0.3330       -30020.778   -30045.018       24.239   976.7
0.3340       -30020.806   -30045.660       24.854  1001.4
0.3350       -30020.810   -30046.045       25.235  1016.8
0.3360       -30020.804   -30046.092       25.288  1018.9
0.3370       -30020.794   -30045.996       25.202  1015.5
0.3380       -30020.819   -30045.984       25.166  1014.0
0.3390       -30020.858   -30046.053       25.195  1015.2
0.3400       -30020.815   -30046.023       25.208  1015.7
0.3410       -30020.818   -30045.785       24.967  1006.0
0.3420       -30020.866   -30045.492       24.626   992.3
0.3430       -30020.818   -30045.225       24.407   983.4
0.3440       -30020.840   -30044.977       24.136   972.5
0.3450       -30020.901   -30044.760       23.859   961.4
0.3460       -30020.975   -30044.600       23.625   951.9
0.3470       -30021.003   -30044.627       23.624   951.9
0.3480       -30021.024   -30044.805       23.781   958.2
0.3490       -30021.036   -30045.076       24.040   968.7
0.3500       -30021.073   -30045.412       24.339   980.7
0.3510       -30021.113   -30045.727       24.613   991.7
0.3520       -30021.157   -30045.898       24.742   996.9
0.3530       -30021.151   -30045.756       24.605   991.4
0.3540       -30021.194   -30045.291       24.097   971.0
0.3550       -30021.188   -30044.785       23.598   950.8
0.3560       -30021.230   -30044.613       23.384   942.2
0.3570       -30021.274   -30044.822       23.548   948.8
0.3580       -30021.225   -30045.061       23.835   960.4
0.3590       -30021.213   -30045.061       23.847   960.9
0.3600       -30021.247   -30044.787       23.541   948.5
0.3610       -30021.296   -30044.436       23.139   932.4
0.3620       -30021.358   -30044.375       23.017   927.4
0.3630       -30021.407   -30044.867       23.460   945.3
0.3640       -30021.414   -30045.529       24.116   971.7
0.3650       -30021.471   -30045.977       24.505   987.4
0.3660       -30021.491   -30046.205       24.714   995.8
0.3670       -30021.546   -30046.350       24.803   999.4
0.3680       -30021.524   -30046.361       24.838  1000.8
0.3690       -30021.520   -30046.086       24.565   989.8
0.3700       -30021.528   -30045.506       23.978   966.1
0.3710       -30021.531   -30044.984       23.454   945.0
0.3720       -30021.557   -30044.814       23.257   937.1
0.3730       -30021.590   -30045.057       23.467   945.5
0.3740       -30021.602   -30045.482       23.880   962.2
0.3750       -30021.589   -30045.736       24.147   973.0
0.3760       -30021.616   -30045.709       24.093   970.8
0.3770       -30021.605   -30045.557       23.952   965.1
0.3780       -30021.658   -30045.578       23.920   963.8
0.3790       -30021.665   -30045.783       24.118   971.8
0.3800       -30021.669   -30045.922       24.253   977.2
0.3810       -30021.686   -30045.922       24.235   976.5
0.3820       -30021.641   -30045.809       24.168   973.8
0.3830       -30021.659   -30045.736       24.077   970.2
0.3840       -30021.632   -30045.777       24.145   972.9
0.3850       -30021.628   -30045.920       24.292   978.8
0.3860       -30021.632   -30045.984       24.352   981.2
0.3870       -30021.637   -30045.965       24.328   980.3
0.3880       -30021.671   -30045.979       24.307   979.4
0.3890       -30021.705   -30046.148       24.444   984.9
0.3900       -30021.684   -30046.432       24.748   997.2
0.3910       -30021.743   -30046.652       24.909  1003.7
0.3920       -30021.785   -30046.740       24.955  1005.5
0.3930       -30021.781   -30046.736       24.956  1005.5
0.3940       -30021.796   -30046.701       24.905  1003.5
0.3950       -30021.876   -30046.559       24.683   994.6
0.3960       -30021.906   -30046.111       24.205   975.3
0.3970       -30021.931   -30045.395       23.463   945.4
0.3980       -30021.997   -30044.867       22.871   921.5
0.3990       -30022.026   -30044.936       22.909   923.1
0.4000       -30022.084   -30045.322       23.238   936.4
0.4010       -30022.045   -30045.363       23.318   939.6
0.4020       -30022.051   -30044.869       22.818   919.4
0.4030       -30022.073   -30044.215       22.142   892.2
0.4040       -30022.083   -30043.836       21.753   876.5
0.4050       -30022.140   -30044.162       22.022   887.4
0.4060       -30022.102   -30044.949       22.847   920.6
0.4070       -30022.119   -30045.590       23.471   945.7
0.4080       -30022.118   -30045.805       23.686   954.4
0.4090       -30022.136   -30045.666       23.530   948.1
0.4100       -30022.208   -30045.523       23.316   939.5
0.4110       -30022.215   -30045.680       23.464   945.5
0.4120       -30022.218   -30046.094       23.875   962.0
0.4130       -30022.247   -30046.461       24.214   975.7
0.4140       -30022.277   -30046.562       24.285   978.5
0.4150       -30022.335   -30046.340       24.005   967.3
0.4160       -30022.290   -30045.943       23.653   953.1
0.4170       -30022.297   -30045.734       23.437   944.4
0.4180       -30022.282   -30045.938       23.656   953.2
0.4190       -30022.276   -30046.418       24.142   972.8
0.4200       -30022.254   -30046.824       24.570   990.0
0.4210       -30022.284   -30046.875       24.591   990.8
0.4220       -30022.239   -30046.645       24.406   983.4
0.4230       -30022.289   -30046.477       24.188   974.6
0.4240       -30022.387   -30046.508       24.121   971.9
0.4250       -30022.369   -30046.604       24.235   976.5
0.4260       -30022.375   -30046.760       24.385   982.5
0.4270       -30022.381   -30046.932       24.551   989.2
0.4280       -30022.432   -30047.035       24.603   991.3
0.4290       -30022.459   -30047.027       24.568   989.9
0.4300       -30022.473   -30046.930       24.457   985.5
0.4310       -30022.442   -30046.703       24.261   977.6
0.4320       -30022.491   -30046.367       23.876   962.1
0.4330       -30022.473   -30045.986       23.513   947.4
0.4340       -30022.437   -30045.756       23.319   939.6
0.4350       -30022.504   -30045.875       23.371   941.7
0.4360       -30022.518   -30046.273       23.755   957.2
0.4370       -30022.504   -30046.715       24.211   975.5
0.4380       -30022.565   -30047.008       24.443   984.9
0.4390       -30022.578   -30047.037       24.459   985.6
0.4400       -30022.635   -30046.822       24.188   974.6
0.4410       -30022.601   -30046.605       24.005   967.2
0.4420       -30022.640   -30046.689       24.050   969.0
0.4430       -30022.737   -30047.154       24.417   983.9
0.4440       -30022.783   -30047.602       24.818  1000.0
0.4450       -30022.792   -30047.684       24.892  1003.0
0.4460       -30022.808   -30047.381       24.573   990.1
0.4470       -30022.858   -30047.018       24.159   973.5
0.4480       -30022.811   -30046.898       24.087   970.6
0.4490       -30022.768   -30047.000       24.232   976.4
0.4500       -30022.864   -30047.014       24.150   973.1
0.4510       -30022.878   -30046.803       23.924   964.0
0.4520       -30022.840   -30046.490       23.650   953.0
0.4530       -30022.813   -30046.248       23.435   944.3
0.4540       -30022.816   -30046.105       23.289   938.4
0.4550       -30022.860   -30046.043       23.183   934.1
0.4560       -30022.939   -30046.168       23.229   936.0
0.4570       -30022.919   -30046.467       23.548   948.8
0.4580       -30022.977   -30046.699       23.722   955.8
0.4590       -30023.004   -30046.662       23.658   953.3
0.4600       -30022.994   -30046.467       23.473   945.8
0.4610       -30023.024   -30046.441       23.417   943.6
0.4620       -30023.034   -30046.689       23.656   953.2
0.4630       -30023.066   -30046.949       23.883   962.3
0.4640       -30023.059   -30046.932       23.873   961.9
0.4650       -30023.110   -30046.576       23.467   945.6
0.4660       -30023.110   -30046.115       23.005   926.9
0.4670       -30023.132   -30045.910       22.778   917.8
0.4680       -30023.219   -30046.070       22.851   920.8
0.4690       -30023.244   -30046.352       23.108   931.1
0.4700       -30023.249   -30046.652       23.404   943.0
0.4710       -30023.246   -30046.861       23.616   951.6
0.4720       -30023.251   -30046.938       23.687   954.4
0.4730       -30023.281   -30046.895       23.614   951.5
0.4740       -30023.284   -30046.867       23.584   950.3
0.4750       -30023.300   -30046.863       23.563   949.4
0.4760       -30023.341   -30046.869       23.528   948.0
0.4770       -30023.381   -30046.756       23.375   941.9
0.4780       -30023.396   -30046.455       23.059   929.1
0.4790       -30023.422   -30045.941       22.520   907.4
0.4800       -30023.468   -30045.451       21.983   885.8
0.4810       -30023.536   -30045.389       21.852   880.5
0.4820       -30023.511   -30045.877       22.366   901.2
0.4830       -30023.507   -30046.525       23.019   927.5
0.4840       -30023.545   -30046.904       23.359   941.2
0.4850       -30023.586   -30047.020       23.434   944.2
0.4860       -30023.635   -30046.949       23.315   939.4
0.4870       -30023.679   -30046.814       23.136   932.2
0.4880       -30023.728   -30046.822       23.094   930.5
0.4890       -30023.723   -30047.047       23.324   939.8
0.4900       -30023.669   -30047.391       23.722   955.8
0.4910       -30023.737   -30047.623       23.886   962.4
0.4920       -30023.722   -30047.514       23.791   958.6
0.4930       -30023.761   -30047.047       23.286   938.3
0.4940       -30023.727   -30046.549       22.822   919.6
0.4950       -30023.700   -30046.412       22.712   915.2
0.4960       -30023.675   -30046.609       22.935   924.1
0.4970       -30023.688   -30046.859       23.171   933.6
0.4980       -30023.645   -30046.992       23.347   940.8
0.4990       -30023.630   -30047.080       23.450   944.9
0.5000       -30023.648   -30047.174       23.526   948.0
0.5010       -30023.714   -30047.215       23.501   946.9
0.5020       -30023.734   -30047.047       23.313   939.4
0.5030       -30023.732   -30046.820       23.088   930.3
0.5040       -30023.751   -30046.781       23.030   928.0
0.5050       -30023.794   -30046.770       22.976   925.8
0.5060       -30023.852   -30046.525       22.674   913.6
0.5070       -30023.845   -30046.197       22.352   900.6
0.5080       -30023.893   -30046.096       22.203   894.6
0.5090       -30023.901   -30046.420       22.519   907.4
0.5100       -30023.929   -30047.043       23.113   931.3
0.5110       -30024.008   -30047.508       23.500   946.9
0.5120       -30024.078   -30047.512       23.433   944.2
0.5130       -30024.146   -30047.125       22.979   925.9
0.5140       -30024.151   -30046.580       22.429   903.8
0.5150       -30024.168   -30046.109       21.941   884.1
0.5160       -30024.220   -30045.863       21.643   872.1
0.5170       -30024.246   -30045.977       21.731   875.6
0.5180       -30024.240   -30046.408       22.169   893.2
0.5190       -30024.273   -30046.920       22.647   912.5
0.5200       -30024.297   -30047.279       22.982   926.0
0.5210       -30024.345   -30047.320       22.975   925.7
0.5220       -30024.380   -30047.131       22.751   916.7
0.5230       -30024.430   -30046.938       22.508   906.9
0.5240       -30024.402   -30046.770       22.368   901.3
0.5250       -30024.427   -30046.471       22.043   888.2
0.5260       -30024.467   -30046.025       21.559   868.7
0.5270       -30024.493   -30045.734       21.241   855.9
0.5280       -30024.547   -30045.717       21.170   853.0
0.5290       -30024.622   -30045.918       21.296   858.1
0.5300       -30024.575   -30046.295       21.720   875.2
0.5310       -30024.602   -30046.713       22.111   890.9
0.5320       -30024.645   -30046.883       22.238   896.0
0.5330       -30024.668   -30046.596       21.928   883.5
0.5340       -30024.668   -30045.965       21.296   858.1
0.5350       -30024.670   -30045.594       20.923   843.1
0.5360       -30024.682   -30045.914       21.232   855.5
0.5370       -30024.655   -30046.545       21.890   882.0
0.5380       -30024.654   -30046.904       22.251   896.6
0.5390       -30024.680   -30046.703       22.023   887.4
0.5400       -30024.724   -30045.973       21.249   856.2
0.5410       -30024.741   -30045.174       20.432   823.3
0.5420       -30024.697   -30044.707       20.010   806.3
0.5430       -30024.672   -30044.855       20.184   813.3
0.5440       -30024.624   -30045.531       20.907   842.4
0.5450       -30024.663   -30046.350       21.687   873.8
0.5460       -30024.631   -30046.803       22.172   893.4
0.5470       -30024.662   -30046.576       21.914   883.0
0.5480       -30024.644   -30045.695       21.051   848.2
0.5490       -30024.640   -30044.680       20.040   807.5
0.5500       -30024.647   -30044.457       19.810   798.2
0.5510       -30024.596   -30045.316       20.720   834.9
0.5520       -30024.644   -30046.461       21.817   879.1
0.5530       -30024.677   -30046.977       22.300   898.5
0.5540       -30024.712   -30046.443       21.731   875.6
0.5550       -30024.706   -30045.273       20.567   828.7
0.5560       -30024.727   -30044.512       19.785   797.2
0.5570       -30024.759   -30045.047       20.288   817.5
0.5580       -30024.731   -30046.211       21.480   865.5
0.5590       -30024.711   -30046.898       22.187   894.0
0.5600       -30024.734   -30046.756       22.022   887.3
0.5610       -30024.763   -30045.992       21.229   855.4
0.5620       -30024.728   -30045.199       20.471   824.9
0.5630       -30024.709   -30044.949       20.240   815.5
0.5640       -30024.724   -30045.359       20.635   831.5
0.5650       -30024.778   -30046.035       21.257   856.5
0.5660       -30024.806   -30046.615       21.809   878.8
0.5670       -30024.753   -30046.727       21.974   885.4
0.5680       -30024.796   -30046.285       21.489   865.9
0.5690       -30024.773   -30045.545       20.772   837.0
0.5700       -30024.742   -30045.191       20.449   824.0
0.5710       -30024.731   -30045.691       20.960   844.6
0.5720       -30024.771   -30046.711       21.940   884.0
0.5730       -30024.791   -30047.500       22.709   915.0
0.5740       -30024.874   -30047.652       22.778   917.8
0.5750       -30024.888   -30047.223       22.335   900.0
0.5760       -30024.970   -30046.535       21.565   868.9
0.5770       -30025.028   -30046.018       20.990   845.7
0.5780       -30025.041   -30045.922       20.881   841.4
0.5790       -30025.101   -30046.203       21.102   850.3
0.5800       -30025.149   -30046.652       21.503   866.4
0.5810       -30025.089   -30047.027       21.939   884.0
0.5820       -30025.127   -30047.191       22.065   889.1
0.5830       -30025.203   -30047.037       21.835   879.8
0.5840       -30025.250   -30046.570       21.321   859.1
0.5850       -30025.266   -30046.010       20.744   835.8
0.5860       -30025.239   -30045.664       20.425   823.0
0.5870       -30025.259   -30045.830       20.571   828.9
0.5880       -30025.219   -30046.488       21.269   857.0
0.5890       -30025.200   -30047.234       22.034   887.8
0.5900       -30025.266   -30047.605       22.340   900.1
0.5910       -30025.263   -30047.363       22.100   890.5
0.5920       -30025.276   -30046.557       21.281   857.5
0.5930       -30025.326   -30045.523       20.198   813.8
0.5940       -30025.401   -30044.914       19.513   786.3
0.5950       -30025.373   -30045.072       19.700   793.8
0.5960       -30025.422   -30045.764       20.342   819.6
0.5970       -30025.384   -30046.496       21.112   850.7
0.5980       -30025.350   -30046.957       21.607   870.6
0.5990       -30025.346   -30047.025       21.679   873.5
0.6000       -30025.353   -30046.707       21.354   860.4
0.6010       -30025.357   -30046.238       20.881   841.4
0.6020       -30025.315   -30045.963       20.648   832.0
0.6030       -30025.347   -30046.035       20.688   833.6
0.6040       -30025.360   -30046.275       20.915   842.8
0.6050       -30025.295   -30046.312       21.018   846.9
0.6060       -30025.261   -30045.998       20.737   835.6
0.6070       -30025.347   -30045.463       20.116   810.5
0.6080       -30025.378   -30045.127       19.749   795.8
0.6090       -30025.364   -30045.322       19.958   804.2
0.6100       -30025.410   -30045.900       20.490   825.6
0.6110       -30025.425   -30046.416       20.991   845.8
0.6120       -30025.462   -30046.672       21.210   854.6
0.6130       -30025.471   -30046.662       21.191   853.9
0.6140       -30025.500   -30046.650       21.150   852.2
0.6150       -30025.486   -30046.701       21.215   854.8
0.6160       -30025.500   -30046.814       21.315   858.9
0.6170       -30025.504   -30046.846       21.341   859.9
0.6180       -30025.524   -30046.613       21.090   849.8
0.6190       -30025.504   -30046.080       20.576   829.1
0.6200       -30025.496   -30045.402       19.907   802.1
0.6210       -30025.493   -30044.918       19.425   782.7
0.6220       -30025.516   -30044.828       19.312   778.2
0.6230       -30025.474   -30045.053       19.578   788.9
0.6240       -30025.467   -30045.316       19.850   799.8
0.6250       -30025.444   -30045.434       19.989   805.4
0.6260       -30025.478   -30045.336       19.858   800.2
0.6270       -30025.490   -30045.150       19.660   792.2
0.6280       -30025.516   -30045.164       19.648   791.7
0.6290       -30025.450   -30045.559       20.109   810.2
0.6300       -30025.528   -30046.213       20.685   833.5
0.6310       -30025.542   -30046.760       21.217   854.9
0.6320       -30025.553   -30046.869       21.316   858.9
0.6330       -30025.642   -30046.564       20.922   843.0
0.6340       -30025.682   -30046.201       20.519   826.8
0.6350       -30025.700   -30046.145       20.444   823.8
0.6360       -30025.703   -30046.439       20.736   835.5
0.6370       -30025.722   -30046.824       21.102   850.3
0.6380       -30025.713   -30046.982       21.269   857.0
0.6390       -30025.786   -30046.781       20.995   846.0
0.6400       -30025.806   -30046.379       20.572   828.9
0.6410       -30025.827   -30046.061       20.234   815.3
0.6420       -30025.855   -30046.057       20.202   814.0
0.6430       -30025.889   -30046.340       20.451   824.0
0.6440       -30025.955   -30046.719       20.764   836.7
0.6450       -30025.950   -30047.023       21.074   849.1
0.6460       -30025.950   -30047.102       21.152   852.3
0.6470       -30025.973   -30046.965       20.992   845.8
0.6480       -30025.958   -30046.713       20.754   836.3
0.6490       -30025.966   -30046.527       20.561   828.5
0.6500       -30025.961   -30046.395       20.434   823.4
0.6510       -30026.035   -30046.279       20.244   815.7
0.6520       -30026.010   -30046.203       20.193   813.7
0.6530       -30026.090   -30046.248       20.158   812.2
0.6540       -30026.062   -30046.326       20.264   816.5
0.6550       -30026.149   -30046.289       20.140   811.5
0.6560       -30026.169   -30046.055       19.885   801.2
0.6570       -30026.149   -30045.857       19.709   794.1
0.6580       -30026.263   -30045.875       19.612   790.2
0.6590       -30026.311   -30046.141       19.830   799.0
0.6600       -30026.330   -30046.463       20.133   811.2
0.6610       -30026.327   -30046.516       20.188   813.5
0.6620       -30026.363   -30046.227       19.864   800.4
0.6630       -30026.415   -30045.715       19.300   777.7
0.6640       -30026.397   -30045.273       18.877   760.6
0.6650       -30026.413   -30045.299       18.886   761.0
0.6660       -30026.449   -30045.842       19.393   781.4
0.6670       -30026.400   -30046.592       20.192   813.6
0.6680       -30026.421   -30047.176       20.755   836.3
0.6690       -30026.403   -30047.303       20.900   842.1
0.6700       -30026.409   -30046.959       20.550   828.0
0.6710       -30026.420   -30046.385       19.964   804.4
0.6720       -30026.432   -30046.070       19.638   791.3
0.6730       -30026.423   -30046.287       19.864   800.4
0.6740       -30026.418   -30046.799       20.381   821.2
0.6750       -30026.407   -30047.174       20.767   836.8
0.6760       -30026.458   -30047.174       20.715   834.7
0.6770       -30026.518   -30046.869       20.352   820.0
0.6780       -30026.549   -30046.502       19.953   804.0
0.6790       -30026.514   -30046.389       19.875   800.8
0.6800       -30026.540   -30046.586       20.046   807.7
0.6810       -30026.523   -30046.857       20.335   819.4
0.6820       -30026.525   -30047.012       20.487   825.5
0.6830       -30026.548   -30047.020       20.472   824.9
0.6840       -30026.552   -30046.955       20.403   822.1
0.6850       -30026.575   -30046.941       20.366   820.6
0.6860       -30026.582   -30047.061       20.478   825.1
0.6870       -30026.586   -30047.268       20.682   833.3
0.6880       -30026.610   -30047.471       20.861   840.6
0.6890       -30026.572   -30047.518       20.946   844.0
0.6900       -30026.556   -30047.324       20.768   836.8
0.6910       -30026.538   -30046.955       20.417   822.7
0.6920       -30026.562   -30046.611       20.049   807.8
0.6930       -30026.602   -30046.527       19.925   802.9
0.6940       -30026.568   -30046.686       20.118   810.6
0.6950       -30026.537   -30046.908       20.371   820.8
0.6960       -30026.541   -30047.070       20.529   827.2
0.6970       -30026.537   -30047.066       20.530   827.2
0.6980       -30026.560   -30046.869       20.309   818.3
0.6990       -30026.602   -30046.574       19.972   804.7
0.7000       -30026.651   -30046.322       19.672   792.6
0.7010       -30026.626   -30046.287       19.661   792.2
0.7020       -30026.692   -30046.434       19.742   795.5
0.7030       -30026.725   -30046.609       19.885   801.2
0.7040       -30026.780   -30046.752       19.971   804.7
0.7050       -30026.759   -30046.779       20.020   806.7
0.7060       -30026.742   -30046.688       19.946   803.7
0.7070       -30026.800   -30046.523       19.724   794.7
0.7080       -30026.830   -30046.379       19.549   787.7
0.7090       -30026.875   -30046.234       19.359   780.0
0.7100       -30026.882   -30046.086       19.203   773.8
0.7110       -30026.888   -30045.988       19.100   769.6
0.7120       -30026.902   -30046.117       19.216   774.3
0.7130       -30026.895   -30046.504       19.609   790.1
0.7140       -30026.929   -30046.988       20.060   808.3
0.7150       -30026.956   -30047.266       20.310   818.4
0.7160       -30026.996   -30047.104       20.108   810.2
0.7170       -30027.094   -30046.633       19.538   787.3
0.7180       -30027.146   -30046.225       19.079   768.8
0.7190       -30027.121   -30046.203       19.082   768.9
0.7200       -30027.180   -30046.467       19.287   777.1
0.7210       -30027.208   -30046.645       19.437   783.2
0.7220       -30027.265   -30046.594       19.329   778.8
0.7230       -30027.261   -30046.385       19.124   770.6
0.7240       -30027.262   -30046.205       18.943   763.3
0.7250       -30027.274   -30046.191       18.917   762.2
0.7260       -30027.233   -30046.309       19.076   768.6
0.7270       -30027.191   -30046.406       19.216   774.3
0.7280       -30027.125   -30046.381       19.256   775.9
0.7290       -30027.121   -30046.289       19.168   772.4
0.7300       -30027.114   -30046.268       19.154   771.8
0.7310       -30027.135   -30046.438       19.302   777.7
0.7320       -30027.155   -30046.770       19.615   790.3
0.7330       -30027.161   -30047.035       19.874   800.8
0.7340       -30027.214   -30047.043       19.829   799.0
0.7350       -30027.234   -30046.682       19.447   783.6
0.7360       -30027.295   -30046.113       18.818   758.2
0.7370       -30027.330   -30045.668       18.338   738.9
0.7380       -30027.363   -30045.561       18.198   733.3
0.7390       -30027.370   -30045.713       18.343   739.1
0.7400       -30027.414   -30045.990       18.577   748.5
0.7410       -30027.476   -30046.277       18.802   757.6
0.7420       -30027.460   -30046.488       19.028   766.7
0.7430       -30027.512   -30046.598       19.086   769.0
0.7440       -30027.458   -30046.582       19.124   770.6
0.7450       -30027.451   -30046.564       19.113   770.1
0.7460       -30027.457   -30046.590       19.133   770.9
0.7470       -30027.521   -30046.672       19.151   771.6
0.7480       -30027.539   -30046.711       19.171   772.5
0.7490       -30027.549   -30046.639       19.090   769.2
0.7500       -30027.545   -30046.473       18.928   762.7
0.7510       -30027.528   -30046.332       18.804   757.7
0.7520       -30027.567   -30046.361       18.794   757.3
0.7530       -30027.639   -30046.521       18.882   760.8
0.7540       -30027.689   -30046.615       18.926   762.6
0.7550       -30027.725   -30046.535       18.810   757.9
0.7560       -30027.704   -30046.365       18.661   751.9
0.7570       -30027.705   -30046.236       18.531   746.7
0.7580       -30027.757   -30046.311       18.554   747.6
0.7590       -30027.752   -30046.611       18.859   759.9
0.7600       -30027.770   -30046.949       19.180   772.8
0.7610       -30027.789   -30047.141       19.352   779.8
0.7620       -30027.814   -30047.121       19.308   778.0
0.7630       -30027.855   -30046.982       19.127   770.7
0.7640       -30027.826   -30046.797       18.971   764.4
0.7650       -30027.788   -30046.654       18.866   760.2
0.7660       -30027.783   -30046.572       18.789   757.1
0.7670       -30027.858   -30046.545       18.687   753.0
0.7680       -30027.885   -30046.564       18.680   752.7
0.7690       -30027.894   -30046.594       18.700   753.5
0.7700       -30027.931   -30046.619       18.688   753.0
0.7710       -30027.981   -30046.662       18.681   752.7
0.7720       -30027.962   -30046.727       18.764   756.1
0.7730       -30027.971   -30046.826       18.855   759.7
0.7740       -30027.910   -30046.793       18.883   760.9
0.7750       -30027.952   -30046.533       18.582   748.7
0.7760       -30027.980   -30046.135       18.155   731.5
0.7770       -30028.015   -30045.871       17.856   719.5
0.7780       -30027.998   -30045.996       17.998   725.2
0.7790       -30028.008   -30046.451       18.444   743.2
0.7800       -30027.970   -30046.922       18.952   763.6
0.7810       -30028.012   -30047.049       19.037   767.1
0.7820       -30028.009   -30046.742       18.733   754.8
0.7830       -30028.028   -30046.100       18.072   728.2
0.7840       -30027.987   -30045.547       17.560   707.6
0.7850       -30028.011   -30045.521       17.510   705.6
0.7860       -30027.986   -30046.041       18.055   727.5
0.7870       -30028.029   -30046.703       18.674   752.4
0.7880       -30028.072   -30047.131       19.059   768.0
0.7890       -30028.057   -30047.227       19.170   772.4
0.7900       -30028.042   -30047.072       19.030   766.8
0.7910       -30028.039   -30046.715       18.676   752.5
0.7920       -30028.055   -30046.201       18.146   731.2
0.7930       -30028.065   -30045.836       17.771   716.0
0.7940       -30028.083   -30045.908       17.825   718.2
0.7950       -30028.079   -30046.361       18.283   736.7
0.7960       -30028.067   -30046.832       18.765   756.1
0.7970       -30028.083   -30047.047       18.964   764.1
0.7980       -30028.135   -30046.898       18.763   756.0
0.7990       -30028.096   -30046.486       18.391   741.0
0.8000       -30028.114   -30046.162       18.048   727.2
0.8010       -30028.130   -30046.164       18.035   726.7
0.8020       -30028.161   -30046.455       18.294   737.1
0.8030       -30028.208   -30046.725       18.517   746.1
0.8040       -30028.214   -30046.811       18.596   749.3
0.8050       -30028.216   -30046.770       18.554   747.6
0.8060       -30028.230   -30046.754       18.524   746.4
0.8070       -30028.266   -30046.850       18.584   748.8
0.8080       -30028.273   -30046.998       18.725   754.5
0.8090       -30028.278   -30047.084       18.806   757.8
0.8100       -30028.298   -30047.076       18.778   756.6
0.8110       -30028.326   -30047.078       18.752   755.6
0.8120       -30028.343   -30047.148       18.806   757.7
0.8130       -30028.347   -30047.328       18.981   764.8
0.8140       -30028.402   -30047.479       19.076   768.6
0.8150       -30028.430   -30047.428       18.998   765.5
0.8160       -30028.476   -30047.094       18.617   750.2
0.8170       -30028.487   -30046.652       18.166   732.0
0.8180       -30028.472   -30046.393       17.921   722.1
0.8190       -30028.449   -30046.537       18.088   728.8
0.8200       -30028.388   -30046.912       18.524   746.4
0.8210       -30028.431   -30047.238       18.807   757.8
0.8220       -30028.432   -30047.311       18.879   760.7
0.8230       -30028.391   -30047.193       18.803   757.6
0.8240       -30028.368   -30047.031       18.663   752.0
0.8250       -30028.416   -30046.998       18.582   748.7
0.8260       -30028.473   -30047.068       18.595   749.3
0.8270       -30028.510   -30047.211       18.701   753.5
0.8280       -30028.506   -30047.350       18.843   759.3
0.8290       -30028.580   -30047.451       18.871   760.4
0.8300       -30028.664   -30047.496       18.832   758.8
0.8310       -30028.680   -30047.387       18.707   753.8
0.8320       -30028.738   -30047.176       18.438   742.9
0.8330       -30028.762   -30046.957       18.195   733.2
0.8340       -30028.787   -30046.877       18.090   728.9
0.8350       -30028.837   -30046.971       18.134   730.7
0.8360       -30028.866   -30047.145       18.279   736.5
0.8370       -30028.896   -30047.271       18.376   740.4
0.8380       -30028.967   -30047.271       18.305   737.6
0.8390       -30028.943   -30047.162       18.219   734.1
0.8400       -30028.948   -30047.014       18.066   727.9
0.8410       -30028.980   -30046.928       17.948   723.2
0.8420       -30028.995   -30046.934       17.939   722.8
0.8430       -30029.016   -30047.016       18.000   725.3
0.8440       -30029.027   -30047.131       18.104   729.5
0.8450       -30029.002   -30047.166       18.164   731.9
0.8460       -30029.058   -30047.168       18.110   729.7
0.8470       -30029.103   -30047.244       18.141   731.0
0.8480       -30029.126   -30047.568       18.443   743.1
0.8490       -30029.090   -30047.979       18.888   761.1
0.8500       -30029.098   -30048.227       19.129   770.8
0.8510       -30029.112   -30048.145       19.032   766.9
0.8520       -30029.161   -30047.871       18.710   753.9
0.8530       -30029.135   -30047.578       18.444   743.2
0.8540       -30029.135   -30047.461       18.326   738.4
0.8550       -30029.100   -30047.568       18.468   744.1
0.8560       -30029.149   -30047.773       18.625   750.5
0.8570       -30029.179   -30047.941       18.762   756.0
0.8580       -30029.142   -30048.086       18.944   763.3
0.8590       -30029.116   -30048.205       19.089   769.2
0.8600       -30029.127   -30048.279       19.153   771.7
0.8610       -30029.140   -30048.318       19.178   772.8
0.8620       -30029.201   -30048.428       19.227   774.7
0.8630       -30029.198   -30048.535       19.337   779.1
0.8640       -30029.216   -30048.590       19.374   780.6
0.8650       -30029.257   -30048.508       19.251   775.7
0.8660       -30029.299   -30048.277       18.978   764.7
0.8670       -30029.296   -30048.004       18.708   753.8
0.8680       -30029.307   -30047.859       18.553   747.6
0.8690       -30029.294   -30047.900       18.607   749.7
0.8700       -30029.324   -30048.016       18.692   753.2
0.8710       -30029.380   -30048.062       18.683   752.8
0.8720       -30029.380   -30048.076       18.697   753.4
0.8730       -30029.370   -30048.127       18.757   755.8
0.8740       -30029.361   -30048.166       18.805   757.7
0.8750       -30029.315   -30048.127       18.812   758.0
0.8760       -30029.365   -30047.996       18.632   750.7
0.8770       -30029.428   -30047.939       18.512   745.9
0.8780       -30029.382   -30048.104       18.721   754.4
0.8790       -30029.342   -30048.439       19.097   769.5
0.8800       -30029.386   -30048.717       19.331   778.9
0.8810       -30029.455   -30048.775       19.320   778.5
0.8820       -30029.478   -30048.650       19.172   772.5
0.8830       -30029.540   -30048.445       18.905   761.8
0.8840       -30029.572   -30048.213       18.640   751.1
0.8850       -30029.567   -30047.977       18.409   741.8
0.8860       -30029.567   -30047.861       18.294   737.1
0.8870       -30029.605   -30047.938       18.332   738.7
0.8880       -30029.649   -30048.096       18.447   743.3
0.8890       -30029.646   -30048.174       18.528   746.6
0.8900       -30029.708   -30048.102       18.393   741.1
0.8910       -30029.679   -30047.992       18.313   737.9
0.8920       -30029.682   -30048.014       18.332   738.7
0.8930       -30029.688   -30048.242       18.554   747.6
0.8940       -30029.706   -30048.537       18.831   758.8
0.8950       -30029.639   -30048.643       19.003   765.7
0.8960       -30029.671   -30048.512       18.840   759.1
0.8970       -30029.704   -30048.215       18.511   745.9
0.8980       -30029.675   -30047.934       18.259   735.7
0.8990       -30029.718   -30047.754       18.036   726.7
0.9000       -30029.718   -30047.713       17.995   725.1
0.9010       -30029.759   -30047.842       18.083   728.6
0.9020       -30029.787   -30048.113       18.327   738.4
0.9030       -30029.774   -30048.383       18.609   749.8
0.9040       -30029.758   -30048.531       18.773   756.4
0.9050       -30029.816   -30048.514       18.698   753.4
0.9060       -30029.759   -30048.396       18.638   751.0
0.9070       -30029.752   -30048.320       18.568   748.2
0.9080       -30029.788   -30048.393       18.605   749.7
0.9090       -30029.819   -30048.594       18.774   756.5
0.9100       -30029.863   -30048.863       19.000   765.6
0.9110       -30029.911   -30049.041       19.130   770.8
0.9120       -30029.905   -30049.002       19.097   769.5
0.9130       -30029.918   -30048.789       18.871   760.4
0.9140       -30029.955   -30048.547       18.592   749.1
0.9150       -30030.014   -30048.438       18.424   742.4
0.9160       -30030.034   -30048.459       18.425   742.4
0.9170       -30030.032   -30048.531       18.499   745.4
0.9180       -30030.026   -30048.605       18.579   748.6
0.9190       -30030.040   -30048.650       18.611   749.9
0.9200       -30030.054   -30048.617       18.563   748.0
0.9210       -30030.093   -30048.477       18.383   740.7
0.9220       -30030.111   -30048.266       18.154   731.5
0.9230       -30030.177   -30048.086       17.909   721.6
0.9240       -30030.170   -30047.982       17.813   717.7
0.9250       -30030.195   -30047.967       17.772   716.1
0.9260       -30030.175   -30047.895       17.720   714.0
0.9270       -30030.193   -30047.678       17.484   704.5
0.9280       -30030.208   -30047.381       17.173   691.9
0.9290       -30030.209   -30047.172       16.963   683.5
0.9300       -30030.243   -30047.137       16.894   680.7
0.9310       -30030.261   -30047.291       17.030   686.2
0.9320       -30030.254   -30047.504       17.250   695.1
0.9330       -30030.281   -30047.721       17.440   702.7
0.9340       -30030.302   -30047.896       17.595   709.0
0.9350       -30030.309   -30047.988       17.679   712.4
0.9360       -30030.226   -30047.980       17.754   715.4
0.9370       -30030.243   -30047.910       17.667   711.9
0.9380       -30030.214   -30047.822       17.609   709.5
0.9390       -30030.157   -30047.838       17.681   712.4
0.9400       -30030.134   -30047.896       17.763   715.7
0.9410       -30030.166   -30047.971       17.805   717.4
0.9420       -30030.142   -30047.979       17.836   718.7
0.9430       -30030.121   -30047.912       17.791   716.9
0.9440       -30030.149   -30047.775       17.626   710.2
0.9450       -30030.184   -30047.725       17.541   706.8
0.9460       -30030.185   -30047.730       17.545   707.0
0.9470       -30030.200   -30047.750       17.550   707.2
0.9480       -30030.144   -30047.738       17.594   708.9
0.9490       -30030.155   -30047.789       17.634   710.5
0.9500       -30030.227   -30047.945       17.718   713.9
0.9510       -30030.229   -30048.107       17.879   720.4
0.9520       -30030.252   -30048.176       17.924   722.2
0.9530       -30030.272   -30048.016       17.744   714.9
0.9540       -30030.313   -30047.682       17.368   699.8
0.9550       -30030.316   -30047.400       17.084   688.4
0.9560       -30030.326   -30047.439       17.114   689.6
0.9570       -30030.383   -30047.809       17.425   702.1
0.9580       -30030.445   -30048.230       17.785   716.6
0.9590       -30030.407   -30048.473       18.066   727.9
0.9600       -30030.336   -30048.479       18.143   731.0
0.9610       -30030.330   -30048.367       18.037   726.8
0.9620       -30030.415   -30048.248       17.833   718.6
0.9630       -30030.438   -30048.201       17.763   715.7
0.9640       -30030.404   -30048.250       17.846   719.1
0.9650       -30030.419   -30048.273       17.855   719.4
0.9660       -30030.420   -30048.252       17.832   718.5
0.9670       -30030.462   -30048.150       17.688   712.7
0.9680       -30030.471   -30047.965       17.494   704.9
0.9690       -30030.463   -30047.799       17.336   698.5
0.9700       -30030.494   -30047.666       17.172   691.9
0.9710       -30030.474   -30047.600       17.125   690.0
0.9720       -30030.501   -30047.584       17.083   688.3
0.9730       -30030.503   -30047.566       17.063   687.5
0.9740       -30030.516   -30047.494       16.978   684.1
0.9750       -30030.563   -30047.352       16.788   676.5
0.9760       -30030.612   -30047.215       16.603   669.0
0.9770       -30030.649   -30047.076       16.427   661.9
0.9780       -30030.650   -30047.002       16.352   658.9
0.9790       -30030.662   -30047.002       16.340   658.4
0.9800       -30030.675   -30047.098       16.423   661.7
0.9810       -30030.716   -30047.211       16.495   664.7
0.9820       -30030.725   -30047.270       16.545   666.7
0.9830       -30030.658   -30047.279       16.622   669.7
0.9840       -30030.673   -30047.299       16.626   669.9
0.9850       -30030.710   -30047.371       16.661   671.3
0.9860       -30030.704   -30047.525       16.822   677.8
0.9870       -30030.703   -30047.676       16.973   683.9
0.9880       -30030.722   -30047.705       16.983   684.3
0.9890       -30030.741   -30047.564       16.824   677.9
0.9900       -30030.783   -30047.395       16.611   669.3
0.9910       -30030.790   -30047.348       16.557   667.1
0.9920       -30030.828   -30047.473       16.645   670.7
0.9930       -30030.814   -30047.584       16.770   675.7
0.9940       -30030.798   -30047.527       16.730   674.1
0.9950       -30030.818   -30047.262       16.443   662.6
0.9960       -30030.863   -30046.908       16.045   646.5
0.9970       -30030.907   -30046.641       15.734   634.0
0.9980       -30030.933   -30046.600       15.667   631.3
0.9990       -30030.957   -30046.740       15.783   636.0
1.0000       -30030.973   -30046.969       15.996   644.5
1.0010       -30030.955   -30047.211       16.256   655.0
1.0020       -30030.944   -30047.449       16.505   665.0
1.0030       -30030.952   -30047.662       16.710   673.3
1.0040       -30030.977   -30047.746       16.769   675.7
1.0050       -30031.028   -30047.691       16.663   671.4
1.0060       -30031.052   -30047.617       16.565   667.5
1.0070       -30031.017   -30047.738       16.721   673.8
1.0080       -30030.960   -30048.070       17.111   689.5
1.0090       -30030.949   -30048.451       17.503   705.2
1.0100       -30030.981   -30048.689       17.709   713.5
1.0110       -30031.022   -30048.689       17.668   711.9
1.0120       -30031.030   -30048.508       17.478   704.2
1.0130       -30031.103   -30048.322       17.220   693.8
1.0140       -30031.132   -30048.250       17.118   689.7
1.0150       -30031.129   -30048.270       17.140   690.6
1.0160       -30031.169   -30048.297       17.128   690.1
1.0170       -30031.174   -30048.248       17.074   688.0
1.0180       -30031.171   -30048.141       16.970   683.8
1.0190       -30031.231   -30048.016       16.785   676.3
1.0200       -30031.252   -30047.938       16.686   672.3
1.0210       -30031.222   -30047.889       16.667   671.6
1.0220       -30031.226   -30047.881       16.655   671.1
1.0230       -30031.246   -30047.889       16.642   670.6
1.0240       -30031.325   -30047.865       16.541   666.5
1.0250       -30031.351   -30047.785       16.434   662.2
1.0260       -30031.343   -30047.674       16.331   658.0
1.0270       -30031.361   -30047.590       16.229   653.9
1.0280       -30031.385   -30047.570       16.185   652.2
1.0290       -30031.369   -30047.629       16.260   655.2
1.0300       -30031.370   -30047.707       16.337   658.3
1.0310       -30031.372   -30047.744       16.372   659.7
1.0320       -30031.326   -30047.719       16.393   660.5
1.0330       -30031.266   -30047.643       16.376   659.9
1.0340       -30031.264   -30047.650       16.386   660.3
1.0350       -30031.246   -30047.771       16.526   665.9
1.0360       -30031.308   -30048.066       16.759   675.3
1.0370       -30031.330   -30048.424       17.093   688.8
1.0380       -30031.412   -30048.713       17.301   697.1
1.0390       -30031.397   -30048.814       17.418   701.8
1.0400       -30031.434   -30048.707       17.273   696.0
1.0410       -30031.490   -30048.484       16.994   684.7
1.0420       -30031.468   -30048.227       16.758   675.3
1.0430       -30031.514   -30048.068       16.555   667.0
1.0440       -30031.498   -30048.025       16.527   665.9
1.0450       -30031.541   -30048.143       16.601   668.9
1.0460       -30031.512   -30048.303       16.790   676.5
1.0470       -30031.521   -30048.393       16.871   679.8
1.0480       -30031.526   -30048.393       16.867   679.6
1.0490       -30031.537   -30048.273       16.737   674.4
1.0500       -30031.595   -30048.117       16.522   665.7
1.0510       -30031.590   -30048.000       16.410   661.2
1.0520       -30031.609   -30048.033       16.424   661.8
1.0530       -30031.599   -30048.131       16.532   666.1
1.0540       -30031.613   -30048.275       16.662   671.4
1.0550       -30031.647   -30048.439       16.793   676.6
1.0560       -30031.682   -30048.559       16.877   680.0
1.0570       -30031.701   -30048.539       16.838   678.5
1.0580       -30031.696   -30048.373       16.677   672.0
1.0590       -30031.701   -30048.176       16.475   663.8
1.0600       -30031.736   -30048.031       16.295   656.6
1.0610       -30031.752   -30047.994       16.242   654.5
Time[ps]      Etot[eV]     Epot[eV]     Ekin[eV]    T[K]
0.0000       -30033.602   -30041.166        7.564   304.8
0.0010       -30033.600   -30040.422        6.822   274.9
0.0020       -30033.576   -30039.535        5.959   240.1
0.0030       -30033.553   -30039.850        6.296   253.7
0.0040       -30033.578   -30040.637        7.058   284.4
0.0050       -30033.557   -30040.240        6.683   269.3
0.0060       -30033.559   -30039.578        6.019   242.5
0.0070       -30033.548   -30039.809        6.260   252.3
0.0080       -30033.542   -30040.689        7.148   288.0
0.0090       -30033.584   -30041.217        7.633   307.5
0.0100       -30033.579   -30040.494        6.915   278.6
0.0110       -30033.592   -30039.516        5.923   238.7
0.0120       -30033.599   -30039.605        6.006   242.0
0.0130       -30033.589   -30040.420        6.831   275.3
0.0140       -30033.591   -30040.822        7.231   291.4
0.0150       -30033.593   -30040.396        6.803   274.1
0.0160       -30033.597   -30039.973        6.375   256.9
0.0170       -30033.593   -30040.537        6.944   279.8
0.0180       -30033.622   -30041.648        8.027   323.4
0.0190       -30033.577   -30041.422        7.845   316.1
0.0200       -30033.590   -30040.402        6.813   274.5
0.0210       -30033.582   -30039.955        6.373   256.8
0.0220       -30033.548   -30040.125        6.577   265.0
0.0230       -30033.611   -30040.193        6.583   265.2
0.0240       -30033.601   -30039.881        6.279   253.0
0.0250       -30033.591   -30039.812        6.222   250.7
0.0260       -30033.565   -30040.262        6.696   269.8
0.0270       -30033.574   -30040.521        6.948   280.0
0.0280       -30033.565   -30040.473        6.907   278.3
0.0290       -30033.622   -30040.260        6.638   267.5
0.0300       -30033.618   -30039.990        6.373   256.8
0.0310       -30033.633   -30039.898        6.265   252.4
0.0320       -30033.673   -30039.695        6.022   242.7
0.0330       -30033.692   -30039.346        5.654   227.8
0.0340       -30033.689   -30039.277        5.589   225.2
0.0350       -30033.676   -30039.828        6.152   247.9
0.0360       -30033.681   -30040.623        6.942   279.7
0.0370       -30033.657   -30040.986        7.329   295.3
0.0380       -30033.669   -30040.736        7.068   284.8
0.0390       -30033.656   -30040.578        6.922   278.9
0.0400       -30033.638   -30040.969        7.331   295.4
0.0410       -30033.652   -30040.879        7.227   291.2
0.0420       -30033.624   -30040.373        6.749   271.9
0.0430       -30033.610   -30039.967        6.357   256.2
0.0440       -30033.606   -30039.902        6.296   253.7
0.0450       -30033.607   -30040.092        6.485   261.3
0.0460       -30033.598   -30040.283        6.685   269.4
0.0470       -30033.611   -30040.494        6.883   277.3
0.0480       -30033.624   -30040.730        7.107   286.4
0.0490       -30033.597   -30040.539        6.942   279.7
0.0500       -30033.628   -30040.074        6.446   259.7
0.0510       -30033.602   -30039.957        6.355   256.1
0.0520       -30033.567   -30039.830        6.264   252.4
0.0530       -30033.576   -30039.596        6.020   242.6
0.0540       -30033.550   -30039.555        6.005   241.9
0.0550       -30033.563   -30039.668        6.105   246.0
0.0560       -30033.576   -30039.871        6.295   253.7
0.0570       -30033.547   -30040.219        6.671   268.8
0.0580       -30033.519   -30040.516        6.996   281.9
0.0590       -30033.503   -30040.445        6.942   279.7
0.0600       -30033.499   -30040.238        6.739   271.5
0.0610       -30033.503   -30040.107        6.604   266.1
0.0620       -30033.531   -30039.902        6.371   256.7
0.0630       -30033.517   -30039.785        6.268   252.6
0.0640       -30033.524   -30039.834        6.310   254.3
0.0650       -30033.533   -30039.912        6.380   257.1
0.0660       -30033.538   -30040.270        6.731   271.2
0.0670       -30033.554   -30040.824        7.271   293.0
0.0680       -30033.568   -30041.020        7.451   300.2
0.0690       -30033.559   -30040.662        7.103   286.2
0.0700       -30033.574   -30040.395        6.820   274.8
0.0710       -30033.602   -30040.352        6.750   272.0
0.0720       -30033.543   -30040.205        6.662   268.4
0.0730       -30033.558   -30040.074        6.516   262.6
0.0740       -30033.574   -30039.924        6.349   255.8
0.0750       -30033.571   -30040.006        6.435   259.3
0.0760       -30033.542   -30040.428        6.886   277.5
0.0770       -30033.527   -30040.824        7.297   294.0
0.0780       -30033.559   -30040.832        7.273   293.1
0.0790       -30033.576   -30040.641        7.065   284.7
0.0800       -30033.588   -30040.492        6.904   278.2
0.0810       -30033.546   -30040.307        6.760   272.4
0.0820       -30033.565   -30040.027        6.462   260.4
0.0830       -30033.568   -30039.732        6.164   248.4
0.0840       -30033.565   -30039.738        6.173   248.7
0.0850       -30033.569   -30040.191        6.623   266.9
0.0860       -30033.565   -30040.732        7.168   288.8
0.0870       -30033.580   -30040.928        7.348   296.1
0.0880       -30033.598   -30040.770        7.171   289.0
0.0890       -30033.597   -30040.717        7.119   286.9
0.0900       -30033.609   -30040.771        7.162   288.6
0.0910       -30033.614   -30040.537        6.923   278.9
0.0920       -30033.602   -30040.080        6.478   261.0
0.0930       -30033.578   -30039.836        6.258   252.1
0.0940       -30033.573   -30040.062        6.490   261.5
0.0950       -30033.566   -30040.553        6.986   281.5
0.0960       -30033.570   -30040.793        7.223   291.0
0.0970       -30033.579   -30040.697        7.119   286.8
0.0980       -30033.581   -30040.707        7.126   287.1
0.0990       -30033.590   -30040.893        7.303   294.3
0.1000       -30033.590   -30040.605        7.015   282.7
0.1010       -30033.566   -30039.980        6.414   258.5
0.1020       -30033.589   -30039.672        6.083   245.1
0.1030       -30033.573   -30039.830        6.257   252.1
0.1040       -30033.563   -30040.191        6.628   267.1
0.1050       -30033.554   -30040.400        6.847   275.9
0.1060       -30033.527   -30040.473        6.946   279.9
0.1070       -30033.533   -30040.738        7.205   290.3
0.1080       -30033.533   -30041.111        7.578   305.3
0.1090       -30033.510   -30041.010        7.499   302.2
0.1100       -30033.500   -30040.541        7.041   283.7
0.1110       -30033.511   -30040.275        6.764   272.5
0.1120       -30033.529   -30040.371        6.842   275.7
0.1130       -30033.511   -30040.588        7.077   285.2
0.1140       -30033.494   -30040.697        7.203   290.2
0.1150       -30033.481   -30040.768        7.287   293.6
0.1160       -30033.494   -30040.979        7.484   301.6
0.1170       -30033.504   -30041.178        7.674   309.2
0.1180       -30033.531   -30041.164        7.633   307.6
0.1190       -30033.519   -30040.779        7.260   292.5
0.1200       -30033.530   -30040.408        6.879   277.2
0.1210       -30033.497   -30040.342        6.845   275.8
0.1220       -30033.534   -30040.459        6.925   279.0
0.1230       -30033.521   -30040.404        6.883   277.3
0.1240       -30033.517   -30040.416        6.899   278.0
0.1250       -30033.496   -30040.834        7.338   295.7
0.1260       -30033.451   -30041.352        7.900   318.3
0.1270       -30033.453   -30041.469        8.015   323.0
0.1280       -30033.451   -30041.248        7.797   314.2
0.1290       -30033.430   -30041.000        7.570   305.0
0.1300       -30033.435   -30041.035        7.601   306.3
0.1310       -30033.423   -30041.166        7.743   312.0
0.1320       -30033.443   -30041.016        7.573   305.1
0.1330       -30033.444   -30040.799        7.355   296.4
0.1340       -30033.480   -30041.127        7.647   308.1
0.1350       -30033.462   -30041.619        8.157   328.7
0.1360       -30033.464   -30041.484        8.020   323.2
0.1370       -30033.451   -30041.170        7.719   311.0
0.1380       -30033.481   -30040.973        7.492   301.9
0.1390       -30033.452   -30040.852        7.399   298.1
0.1400       -30033.459   -30040.836        7.377   297.2
0.1410       -30033.465   -30040.697        7.232   291.4
0.1420       -30033.494   -30040.430        6.936   279.5
0.1430       -30033.490   -30040.537        7.047   283.9
0.1440       -30033.511   -30040.992        7.481   301.4
0.1450       -30033.499   -30041.178        7.679   309.4
0.1460       -30033.480   -30041.244        7.764   312.8
0.1470       -30033.468   -30041.203        7.735   311.7
0.1480       -30033.505   -30040.947        7.442   299.9
0.1490       -30033.470   -30040.840        7.370   297.0
0.1500       -30033.406   -30040.801        7.395   298.0
0.1510       -30033.405   -30040.658        7.253   292.2
0.1520       -30033.427   -30040.561        7.133   287.4
0.1530       -30033.407   -30040.732        7.325   295.2
0.1540       -30033.400   -30041.018        7.618   307.0
0.1550       -30033.377   -30041.168        7.791   313.9
0.1560       -30033.403   -30041.176        7.772   313.2
0.1570       -30033.400   -30040.973        7.573   305.1
0.1580       -30033.436   -30040.768        7.332   295.4
0.1590       -30033.409   -30040.652        7.244   291.9
0.1600       -30033.425   -30040.508        7.083   285.4
0.1610       -30033.408   -30040.338        6.930   279.2
0.1620       -30033.400   -30040.305        6.905   278.2
0.1630       -30033.389   -30040.484        7.095   285.9
0.1640       -30033.405   -30040.744        7.339   295.7
0.1650       -30033.349   -30040.932        7.583   305.5
0.1660       -30033.363   -30041.104        7.740   311.9
0.1670       -30033.351   -30041.109        7.758   312.6
0.1680       -30033.358   -30041.031        7.673   309.2
0.1690       -30033.388   -30040.875        7.487   301.7
0.1700       -30033.405   -30040.754        7.348   296.1
0.1710       -30033.391   -30040.750        7.359   296.5
0.1720       -30033.414   -30040.822        7.409   298.5
0.1730       -30033.412   -30040.955        7.543   303.9
0.1740       -30033.405   -30041.221        7.816   314.9
0.1750       -30033.393   -30041.408        8.016   323.0
0.1760       -30033.404   -30041.467        8.062   324.9
0.1770       -30033.422   -30041.486        8.064   324.9
0.1780       -30033.416   -30041.275        7.859   316.7
0.1790       -30033.385   -30040.912        7.528   303.3
0.1800       -30033.374   -30040.727        7.353   296.3
0.1810       -30033.400   -30040.660        7.260   292.5
0.1820       -30033.410   -30040.541        7.131   287.3
0.1830       -30033.424   -30040.535        7.111   286.5
0.1840       -30033.411   -30040.629        7.218   290.8
0.1850       -30033.399   -30040.762        7.363   296.7
0.1860       -30033.354   -30040.916        7.562   304.7
0.1870       -30033.383   -30040.859        7.476   301.2
0.1880       -30033.397   -30040.650        7.254   292.3
0.1890       -30033.382   -30040.602        7.220   290.9
0.1900       -30033.354   -30040.658        7.304   294.3
0.1910       -30033.385   -30040.584        7.199   290.1
0.1920       -30033.380   -30040.533        7.153   288.2
0.1930       -30033.349   -30040.721        7.372   297.0
0.1940       -30033.357   -30041.041        7.684   309.6
0.1950       -30033.334   -30041.223        7.889   317.9
0.1960       -30033.347   -30041.244        7.897   318.2
0.1970       -30033.347   -30041.117        7.770   313.1
0.1980       -30033.349   -30040.971        7.621   307.1
0.1990       -30033.333   -30041.008        7.675   309.2
0.2000       -30033.332   -30041.020        7.687   309.7
